Performing C SOURCE FILE Test CMAKE_HAVE_LIBC_PTHREAD failed with the following output:
Change Dir: /home/aluno/CLionProjects/Lista_Contadores/cmake-build-debug/CMakeFiles/CMakeTmp

Run Build Command(s):/usr/bin/make cmTC_3cb7d/fast && /usr/bin/make -f CMakeFiles/cmTC_3cb7d.dir/build.make CMakeFiles/cmTC_3cb7d.dir/build
make[1]: Entering directory '/home/aluno/CLionProjects/Lista_Contadores/cmake-build-debug/CMakeFiles/CMakeTmp'
Building C object CMakeFiles/cmTC_3cb7d.dir/src.c.o
/usr/bin/cc   -DCMAKE_HAVE_LIBC_PTHREAD   -o CMakeFiles/cmTC_3cb7d.dir/src.c.o   -c /home/aluno/CLionProjects/Lista_Contadores/cmake-build-debug/CMakeFiles/CMakeTmp/src.c
Linking C executable cmTC_3cb7d
/snap/clion/103/bin/cmake/linux/bin/cmake -E cmake_link_script CMakeFiles/cmTC_3cb7d.dir/link.txt --verbose=1
/usr/bin/cc  -DCMAKE_HAVE_LIBC_PTHREAD    -rdynamic CMakeFiles/cmTC_3cb7d.dir/src.c.o  -o cmTC_3cb7d 
CMakeFiles/cmTC_3cb7d.dir/src.c.o: In function `main':
src.c:(.text+0x2f): undefined reference to `pthread_create'
src.c:(.text+0x3b): undefined reference to `pthread_detach'
src.c:(.text+0x4c): undefined reference to `pthread_join'
src.c:(.text+0x60): undefined reference to `pthread_atfork'
collect2: error: ld returned 1 exit status
CMakeFiles/cmTC_3cb7d.dir/build.make:86: recipe for target 'cmTC_3cb7d' failed
make[1]: *** [cmTC_3cb7d] Error 1
make[1]: Leaving directory '/home/aluno/CLionProjects/Lista_Contadores/cmake-build-debug/CMakeFiles/CMakeTmp'
Makefile:121: recipe for target 'cmTC_3cb7d/fast' failed
make: *** [cmTC_3cb7d/fast] Error 2


Source file was:
#include <pthread.h>

void* test_func(void* data)
{
  return data;
}

int main(void)
{
  pthread_t thread;
  pthread_create(&thread, NULL, test_func, NULL);
  pthread_detach(thread);
  pthread_join(thread, NULL);
  pthread_atfork(NULL, NULL, NULL);
  pthread_exit(NULL);

  return 0;
}

Determining if the function pthread_create exists in the pthreads failed with the following output:
Change Dir: /home/aluno/CLionProjects/Lista_Contadores/cmake-build-debug/CMakeFiles/CMakeTmp

Run Build Command(s):/usr/bin/make cmTC_c69b6/fast && /usr/bin/make -f CMakeFiles/cmTC_c69b6.dir/build.make CMakeFiles/cmTC_c69b6.dir/build
make[1]: Entering directory '/home/aluno/CLionProjects/Lista_Contadores/cmake-build-debug/CMakeFiles/CMakeTmp'
Building C object CMakeFiles/cmTC_c69b6.dir/CheckFunctionExists.c.o
/usr/bin/cc   -DCHECK_FUNCTION_EXISTS=pthread_create   -o CMakeFiles/cmTC_c69b6.dir/CheckFunctionExists.c.o   -c /snap/clion/103/bin/cmake/linux/share/cmake-3.15/Modules/CheckFunctionExists.c
Linking C executable cmTC_c69b6
/snap/clion/103/bin/cmake/linux/bin/cmake -E cmake_link_script CMakeFiles/cmTC_c69b6.dir/link.txt --verbose=1
/usr/bin/cc  -DCHECK_FUNCTION_EXISTS=pthread_create    -rdynamic CMakeFiles/cmTC_c69b6.dir/CheckFunctionExists.c.o  -o cmTC_c69b6 -lpthreads 
/usr/bin/ld: cannot find -lpthreads
collect2: error: ld returned 1 exit status
CMakeFiles/cmTC_c69b6.dir/build.make:86: recipe for target 'cmTC_c69b6' failed
make[1]: *** [cmTC_c69b6] Error 1
make[1]: Leaving directory '/home/aluno/CLionProjects/Lista_Contadores/cmake-build-debug/CMakeFiles/CMakeTmp'
Makefile:121: recipe for target 'cmTC_c69b6/fast' failed
make: *** [cmTC_c69b6/fast] Error 2



